<?xml version="1.0" encoding="UTF-8"?>
<robot generator="Robot 4.0.3 (Python 3.9.6 on win32)" generated="20210707 11:50:45.383" rpa="false" schemaversion="2">
<suite id="s1" name="Selenium Tests" source="C:\Users\invsubbura\PycharmProjects\pythonProject\Selenium Suite\selenium_tests.robot">
<test id="s1-t1" name="TC2">
<kw name="Append To Environment Variable" library="OperatingSystem">
<arg>Path</arg>
<arg>C:\\chromedriver\\chromedriver_win32</arg>
<doc>Appends given ``values`` to environment variable ``name``.</doc>
<msg timestamp="20210707 11:50:45.582" level="INFO">Environment variable 'Path' set to value 'C:\Users\invsubbura\PycharmProjects\pythonProject\venv\Scripts;C:\Program Files (x86)\Common Files\Oracle\Java\javapath;C:\WINDOWS\system32;C:\WINDOWS;C:\WINDOWS\System32\Wbem;C:\WINDOWS\System32\WindowsPowerShell\v1.0\;C:\WINDOWS\System32\OpenSSH\;C:\Program Files (x86)\Webex\Webex\Applications;C:\Program Files\Intel\WiFi\bin\;C:\Program Files\Common Files\Intel\WirelessCommon\;C:\Program Files (x86)\Sennheiser\SenncomSDK\;C:\Program Files\Git\cmd;D:\Programs\Scripts\;D:\Programs\;C:\Users\invsubbura\AppData\Local\Microsoft\WindowsApps;;C:\Program Files\JetBrains\PyCharm Community Edition 2021.1.3\bin;;C:\chromedriver\chromedriver_win32'.</msg>
<status status="PASS" starttime="20210707 11:50:45.582" endtime="20210707 11:50:45.582"/>
</kw>
<kw name="Open Browser" library="SeleniumLibrary">
<arg>url=http://demo.openemr.io/b/openemr/</arg>
<arg>browser=gc</arg>
<doc>Opens a new browser instance to the optional ``url``.</doc>
<msg timestamp="20210707 11:50:45.583" level="INFO">Opening browser 'gc' to base url 'http://demo.openemr.io/b/openemr/'.</msg>
<status status="PASS" starttime="20210707 11:50:45.583" endtime="20210707 11:51:29.429"/>
</kw>
<kw name="Maximize Browser Window" library="SeleniumLibrary">
<doc>Maximizes current browser window.</doc>
<status status="PASS" starttime="20210707 11:51:29.430" endtime="20210707 11:51:29.562"/>
</kw>
<kw name="Set Selenium Implicit Wait" library="SeleniumLibrary">
<arg>30s</arg>
<doc>Sets the implicit wait value used by Selenium.</doc>
<status status="PASS" starttime="20210707 11:51:29.563" endtime="20210707 11:51:29.564"/>
</kw>
<kw name="Input Text" library="SeleniumLibrary">
<arg>id=authUser</arg>
<arg>admin</arg>
<doc>Types the given ``text`` into the text field identified by ``locator``.</doc>
<msg timestamp="20210707 11:51:29.564" level="INFO">Typing text 'admin' into text field 'id=authUser'.</msg>
<status status="PASS" starttime="20210707 11:51:29.564" endtime="20210707 11:51:29.632"/>
</kw>
<kw name="Input Password" library="SeleniumLibrary">
<arg>id=clearPass</arg>
<arg>pass</arg>
<doc>Types the given password into the text field identified by ``locator``.</doc>
<msg timestamp="20210707 11:51:29.633" level="INFO">Typing password into text field 'id=clearPass'.</msg>
<msg timestamp="20210707 11:51:29.664" level="INFO">Temporally setting log level to: NONE</msg>
<msg timestamp="20210707 11:51:29.694" level="INFO">Log level changed from NONE to INFO.</msg>
<status status="PASS" starttime="20210707 11:51:29.633" endtime="20210707 11:51:29.694"/>
</kw>
<kw name="Select From List By Label" library="SeleniumLibrary">
<arg>name=languageChoice</arg>
<arg>English (Indian)</arg>
<doc>Selects options from selection list ``locator`` by ``labels``.</doc>
<msg timestamp="20210707 11:51:29.694" level="INFO">Selecting options from selection list 'name=languageChoice' by label English (Indian).</msg>
<status status="PASS" starttime="20210707 11:51:29.694" endtime="20210707 11:51:29.750"/>
</kw>
<kw name="Click Element" library="SeleniumLibrary">
<arg>xpath=//button[@type='submit']</arg>
<doc>Click the element identified by ``locator``.</doc>
<msg timestamp="20210707 11:51:29.751" level="INFO">Clicking element 'xpath=//button[@type='submit']'.</msg>
<status status="PASS" starttime="20210707 11:51:29.750" endtime="20210707 11:51:46.622"/>
</kw>
<kw name="Get Title" library="SeleniumLibrary">
<var>${actualtitle}</var>
<doc>Returns the title of the current page.</doc>
<msg timestamp="20210707 11:51:46.631" level="INFO">${actualtitle} = OpenEMR</msg>
<status status="PASS" starttime="20210707 11:51:46.622" endtime="20210707 11:51:46.631"/>
</kw>
<kw name="Log" library="BuiltIn">
<arg>${actualtitle}</arg>
<doc>Logs the given message with the given level.</doc>
<msg timestamp="20210707 11:51:46.632" level="INFO">OpenEMR</msg>
<status status="PASS" starttime="20210707 11:51:46.631" endtime="20210707 11:51:46.632"/>
</kw>
<kw name="Log To Console" library="BuiltIn">
<arg>${actualtitle}</arg>
<doc>Logs the given message to the console.</doc>
<status status="PASS" starttime="20210707 11:51:46.632" endtime="20210707 11:51:46.632"/>
</kw>
<status status="PASS" starttime="20210707 11:50:45.582" endtime="20210707 11:51:46.633"/>
</test>
<status status="PASS" starttime="20210707 11:50:45.385" endtime="20210707 11:51:46.634"/>
</suite>
<statistics>
<total>
<stat pass="1" fail="0" skip="0">All Tests</stat>
</total>
<tag>
</tag>
<suite>
<stat pass="1" fail="0" skip="0" id="s1" name="Selenium Tests">Selenium Tests</stat>
</suite>
</statistics>
<errors>
</errors>
</robot>
